07-27-13 10:08:12 Debug ---
07-27-13 10:08:12 Debug start fetching source "test (id: 1) 
07-27-13 10:08:12 Debug spout successfully loaded: spouts\rss\feed
07-27-13 10:08:12 Debug fetch content
07-27-13 10:08:13 Debug minimum date: 2013-06-27 10:08:13
07-27-13 10:08:13 Debug start item fetching
07-27-13 10:08:13 Debug start insertion of new item "局长为何遭黑客攻击变“黑社会”头目？"
07-27-13 10:08:13 Debug item content sanitized
07-27-13 10:08:13 Debug icon generated: http://blog.sina.com.cn/favicon.ico
07-27-13 10:08:13 Debug item inserted
07-27-13 10:08:13 Debug Memory usage: 10779360
07-27-13 10:08:13 Debug Memory peak usage: 11073072
07-27-13 10:08:13 Debug destroy spout object
07-27-13 10:08:13 Debug ---
07-27-13 10:08:13 Debug start fetching source "aaa (id: 2) 
07-27-13 10:08:13 Debug spout successfully loaded: spouts\rss\feed
07-27-13 10:08:13 Debug fetch content
07-27-13 10:08:13 Debug minimum date: 2013-06-27 10:08:13
07-27-13 10:08:13 Debug start item fetching
07-27-13 10:08:13 Debug destroy spout object
07-27-13 10:08:13 Debug cleanup orphaned and old items
07-27-13 10:08:13 Debug cleanup orphaned and old items finished
07-27-13 10:08:13 Debug delete orphaned thumbnails
07-27-13 10:08:13 Debug delete orphaned thumbnails finished
07-27-13 10:08:13 Debug delete orphaned icons
07-27-13 10:08:13 Debug delete orphaned icons finished
07-27-13 10:08:13 Debug optimize database
07-27-13 10:08:13 Debug optimize database finished
07-27-13 12:05:54 Debug ---
07-27-13 12:05:54 Debug start fetching source "shihanbin (id: 3) 
07-27-13 12:05:54 Debug spout successfully loaded: spouts\rss\feed
07-27-13 12:05:54 Debug fetch content
07-27-13 12:05:54 Debug minimum date: 2013-06-27 12:05:54
07-27-13 12:05:54 Debug start item fetching
07-27-13 12:05:54 Debug start insertion of new item "结合大环境分析趋势（贷款利率下限取消为例——大道至简之十八）"
07-27-13 12:05:54 Debug item content sanitized
07-27-13 12:05:54 Debug icon generated: http://shihb.blog.sohu.com/favicon.ico
07-27-13 12:05:54 Debug item inserted
07-27-13 12:05:54 Debug Memory usage: 12182136
07-27-13 12:05:54 Debug Memory peak usage: 13037320
07-27-13 12:05:54 Debug start insertion of new item "老母鸡、小鸡和狼"
07-27-13 12:05:54 Debug item content sanitized
07-27-13 12:05:54 Debug use last icon: http://shihb.blog.sohu.com/favicon.ico
07-27-13 12:05:54 Debug item inserted
07-27-13 12:05:54 Debug Memory usage: 12209064
07-27-13 12:05:54 Debug Memory peak usage: 13037320
07-27-13 12:05:54 Debug item "参照物中找趋势（大道至简之十七）" (2013-06-12 00:25:17) older than 30 days
07-27-13 12:05:54 Debug item "★小村系列之十九：苍蝇和老虎" (2013-06-10 22:05:47) older than 30 days
07-27-13 12:05:54 Debug item "守望春天" (2013-06-04 07:49:34) older than 30 days
07-27-13 12:05:54 Debug item "“20万亿”小于“4万亿” ——从表象到实质的溯源（大道至简16）" (2013-05-25 18:50:12) older than 30 days
07-27-13 12:05:54 Debug item "假如美国退出刺激计划" (2013-05-14 13:26:48) older than 30 days
07-27-13 12:05:54 Debug item "财经郎眼：国五条调控（新版财经郎眼）" (2013-05-06 15:33:35) older than 30 days
07-27-13 12:05:54 Debug item "未来的趋势与演变" (2013-04-13 18:29:44) older than 30 days
07-27-13 12:05:54 Debug item "黄金的沉默与辉煌" (2013-04-13 12:40:04) older than 30 days
07-27-13 12:05:54 Debug item "“新国五条”细则分析之二" (2013-03-05 00:33:33) older than 30 days
07-27-13 12:05:54 Debug item "“新国五条”调控细则的影响分析" (2013-03-03 23:44:31) older than 30 days
07-27-13 12:05:54 Debug item "来自加勒比的震撼——序《加勒比飓风》" (2013-02-20 23:36:58) older than 30 days
07-27-13 12:05:54 Debug item "“大道至简”投资系列1—15的链接" (2013-02-01 17:37:28) older than 30 days
07-27-13 12:05:54 Debug item "拥抱泡沫，与之共舞" (2013-01-30 23:33:19) older than 30 days
07-27-13 12:05:54 Debug item "国际大棋局加速演变" (2013-01-10 23:24:16) older than 30 days
07-27-13 12:05:54 Debug item "为在病痛中呻吟的农民工再次紧急呼吁" (2012-12-20 12:29:12) older than 30 days
07-27-13 12:05:54 Debug item "韩文版《时寒冰说：经济大棋局，我们怎么办》封面" (2012-12-07 13:17:27) older than 30 days
07-27-13 12:05:54 Debug item "世界是一盘大棋局" (2012-11-19 23:11:32) older than 30 days
07-27-13 12:05:54 Debug destroy spout object
07-27-13 12:05:54 Debug cleanup orphaned and old items
07-27-13 12:05:54 Debug cleanup orphaned and old items finished
07-27-13 12:05:54 Debug delete orphaned thumbnails
07-27-13 12:05:54 Debug delete orphaned thumbnails finished
07-27-13 12:05:54 Debug delete orphaned icons
07-27-13 12:05:54 Debug delete orphaned icons finished
07-27-13 12:05:54 Debug optimize database
07-27-13 12:05:54 Debug optimize database finished
07-27-13 15:06:06 Debug ---
07-27-13 15:06:06 Debug start fetching source "sina (id: 4) 
07-27-13 15:06:06 Debug spout successfully loaded: spouts\rss\feed
07-27-13 15:06:06 Debug fetch content
07-27-13 15:06:06 Debug minimum date: 2013-06-27 15:06:06
07-27-13 15:06:06 Debug start item fetching
07-27-13 15:06:06 Debug start insertion of new item "抗美援朝战争打出了中国的国威军威打出了中国60余年的和平时期"
07-27-13 15:06:06 Debug item content sanitized
07-27-13 15:06:06 Debug icon generated: http://blog.sina.com.cn/favicon.ico
07-27-13 15:06:06 Debug item inserted
07-27-13 15:06:06 Debug Memory usage: 10821080
07-27-13 15:06:06 Debug Memory peak usage: 11133016
07-27-13 15:06:06 Debug start insertion of new item "美、日2012军力评估报告（民间版）访谈实录"
07-27-13 15:06:06 Debug item content sanitized
07-27-13 15:06:06 Debug use last icon: http://blog.sina.com.cn/favicon.ico
07-27-13 15:06:06 Debug item inserted
07-27-13 15:06:06 Debug Memory usage: 10889456
07-27-13 15:06:06 Debug Memory peak usage: 11408096
07-27-13 15:06:06 Debug start insertion of new item "安倍晋三正在把中日关系推向深渊"
07-27-13 15:06:06 Debug item content sanitized
07-27-13 15:06:06 Debug use last icon: http://blog.sina.com.cn/favicon.ico
07-27-13 15:06:06 Debug item inserted
07-27-13 15:06:06 Debug Memory usage: 10886792
07-27-13 15:06:06 Debug Memory peak usage: 11408096
07-27-13 15:06:06 Debug start insertion of new item "两岸军人应抛弃前嫌，共卫“祖权”"
07-27-13 15:06:06 Debug item content sanitized
07-27-13 15:06:06 Debug use last icon: http://blog.sina.com.cn/favicon.ico
07-27-13 15:06:06 Debug item inserted
07-27-13 15:06:06 Debug Memory usage: 10905416
07-27-13 15:06:06 Debug Memory peak usage: 11408096
07-27-13 15:06:06 Debug start insertion of new item "榜样的力量是无穷的"
07-27-13 15:06:06 Debug item content sanitized
07-27-13 15:06:06 Debug use last icon: http://blog.sina.com.cn/favicon.ico
07-27-13 15:06:06 Debug item inserted
07-27-13 15:06:06 Debug Memory usage: 10922424
07-27-13 15:06:06 Debug Memory peak usage: 11408096
07-27-13 15:06:06 Debug start insertion of new item "转凤凰网采访《罗援解读中国鹰》"
07-27-13 15:06:06 Debug item content sanitized
07-27-13 15:06:06 Debug use last icon: http://blog.sina.com.cn/favicon.ico
07-27-13 15:06:06 Debug item inserted
07-27-13 15:06:06 Debug Memory usage: 11038920
07-27-13 15:06:06 Debug Memory peak usage: 11738520
07-27-13 15:06:06 Debug start insertion of new item "[转载]热烈庆祝中国共产党建党九十二周年！"
07-27-13 15:06:06 Debug item content sanitized
07-27-13 15:06:06 Debug use last icon: http://blog.sina.com.cn/favicon.ico
07-27-13 15:06:06 Debug item inserted
07-27-13 15:06:06 Debug Memory usage: 11004192
07-27-13 15:06:06 Debug Memory peak usage: 11738520
07-27-13 15:06:06 Debug start insertion of new item "警惕日本重蹈军国主义覆辙"
07-27-13 15:06:06 Debug item content sanitized
07-27-13 15:06:06 Debug use last icon: http://blog.sina.com.cn/favicon.ico
07-27-13 15:06:06 Debug item inserted
07-27-13 15:06:06 Debug Memory usage: 11082120
07-27-13 15:06:06 Debug Memory peak usage: 11738520
07-27-13 15:06:06 Debug item "中国绝不会接受菲律宾以任何形式非法侵占仁爱礁" (2013-06-22 09:43:11) older than 30 days
07-27-13 15:06:06 Debug item "为构建中美新型大国关系增砖添瓦" (2013-06-17 13:10:08) older than 30 days
07-27-13 15:06:06 Debug destroy spout object
07-27-13 15:06:06 Debug ---
07-27-13 15:06:06 Debug start fetching source "shihanbin (id: 3) 
07-27-13 15:06:06 Debug spout successfully loaded: spouts\rss\feed
07-27-13 15:06:06 Debug fetch content
07-27-13 15:06:07 Debug minimum date: 2013-06-27 15:06:07
07-27-13 15:06:07 Debug start item fetching
07-27-13 15:06:07 Debug item "参照物中找趋势（大道至简之十七）" (2013-06-12 00:25:17) older than 30 days
07-27-13 15:06:07 Debug item "★小村系列之十九：苍蝇和老虎" (2013-06-10 22:05:47) older than 30 days
07-27-13 15:06:07 Debug item "守望春天" (2013-06-04 07:49:34) older than 30 days
07-27-13 15:06:07 Debug item "“20万亿”小于“4万亿” ——从表象到实质的溯源（大道至简16）" (2013-05-25 18:50:12) older than 30 days
07-27-13 15:06:07 Debug item "假如美国退出刺激计划" (2013-05-14 13:26:48) older than 30 days
07-27-13 15:06:07 Debug item "财经郎眼：国五条调控（新版财经郎眼）" (2013-05-06 15:33:35) older than 30 days
07-27-13 15:06:07 Debug item "未来的趋势与演变" (2013-04-13 18:29:44) older than 30 days
07-27-13 15:06:07 Debug item "黄金的沉默与辉煌" (2013-04-13 12:40:04) older than 30 days
07-27-13 15:06:07 Debug item "“新国五条”细则分析之二" (2013-03-05 00:33:33) older than 30 days
07-27-13 15:06:07 Debug item "“新国五条”调控细则的影响分析" (2013-03-03 23:44:31) older than 30 days
07-27-13 15:06:07 Debug item "来自加勒比的震撼——序《加勒比飓风》" (2013-02-20 23:36:58) older than 30 days
07-27-13 15:06:07 Debug item "“大道至简”投资系列1—15的链接" (2013-02-01 17:37:28) older than 30 days
07-27-13 15:06:07 Debug item "拥抱泡沫，与之共舞" (2013-01-30 23:33:19) older than 30 days
07-27-13 15:06:07 Debug item "国际大棋局加速演变" (2013-01-10 23:24:16) older than 30 days
07-27-13 15:06:07 Debug item "为在病痛中呻吟的农民工再次紧急呼吁" (2012-12-20 12:29:12) older than 30 days
07-27-13 15:06:07 Debug item "韩文版《时寒冰说：经济大棋局，我们怎么办》封面" (2012-12-07 13:17:27) older than 30 days
07-27-13 15:06:07 Debug item "世界是一盘大棋局" (2012-11-19 23:11:32) older than 30 days
07-27-13 15:06:07 Debug destroy spout object
07-27-13 15:06:07 Debug cleanup orphaned and old items
07-27-13 15:06:07 Debug cleanup orphaned and old items finished
07-27-13 15:06:07 Debug delete orphaned thumbnails
07-27-13 15:06:07 Debug delete orphaned thumbnails finished
07-27-13 15:06:07 Debug delete orphaned icons
07-27-13 15:06:07 Debug delete orphaned icons finished
07-27-13 15:06:07 Debug optimize database
07-27-13 15:06:07 Debug optimize database finished
07-27-13 23:49:42 Debug ---
07-27-13 23:49:42 Debug start fetching source "sina (id: 1) 
07-27-13 23:49:42 Debug spout successfully loaded: spouts\rss\feed
07-27-13 23:49:42 Debug fetch content
07-27-13 23:49:42 Debug minimum date: 2013-06-27 23:49:42
07-27-13 23:49:42 Debug start item fetching
07-27-13 23:49:42 Debug start insertion of new item "抗美援朝战争打出了中国的国威军威打出了中国60余年的和平时期"
07-27-13 23:49:42 Debug item content sanitized
07-27-13 23:49:42 Debug icon generated: http://blog.sina.com.cn/favicon.ico
07-27-13 23:52:47 Debug ---
07-27-13 23:52:47 Debug start fetching source "sina (id: 1) 
07-27-13 23:52:47 Debug spout successfully loaded: spouts\rss\feed
07-27-13 23:52:47 Debug fetch content
07-27-13 23:52:47 Debug minimum date: 2013-06-27 23:52:47
07-27-13 23:52:47 Debug start item fetching
07-27-13 23:52:47 Debug start insertion of new item "抗美援朝战争打出了中国的国威军威打出了中国60余年的和平时期"
07-27-13 23:52:47 Debug item content sanitized
07-27-13 23:52:47 Debug icon generated: http://blog.sina.com.cn/favicon.ico
07-27-13 23:52:49 Debug ---
07-27-13 23:52:49 Debug start fetching source "sina (id: 1) 
07-27-13 23:52:49 Debug spout successfully loaded: spouts\rss\feed
07-27-13 23:52:49 Debug fetch content
07-27-13 23:52:49 Debug minimum date: 2013-06-27 23:52:49
07-27-13 23:52:49 Debug start item fetching
07-27-13 23:52:49 Debug start insertion of new item "抗美援朝战争打出了中国的国威军威打出了中国60余年的和平时期"
07-27-13 23:52:49 Debug item content sanitized
07-27-13 23:52:49 Debug icon generated: http://blog.sina.com.cn/favicon.ico
07-27-13 23:54:54 Debug ---
07-27-13 23:54:54 Debug start fetching source "sina (id: 1)  username:
07-27-13 23:54:54 Debug spout successfully loaded: spouts\rss\feed
07-27-13 23:54:54 Debug fetch content
07-27-13 23:54:54 Debug minimum date: 2013-06-27 23:54:54
07-27-13 23:54:54 Debug start item fetching
07-27-13 23:54:54 Debug start insertion of new item "抗美援朝战争打出了中国的国威军威打出了中国60余年的和平时期"
07-27-13 23:54:54 Debug item content sanitized
07-27-13 23:54:55 Debug icon generated: http://blog.sina.com.cn/favicon.ico
07-27-13 23:57:05 Debug ---
07-27-13 23:57:05 Debug start fetching source "bbbbb (id: 2)  username:zhenhua
07-27-13 23:57:05 Debug spout successfully loaded: spouts\rss\feed
07-27-13 23:57:05 Debug fetch content
07-27-13 23:57:05 Debug minimum date: 2013-06-27 23:57:05
07-27-13 23:57:05 Debug start item fetching
07-27-13 23:57:05 Debug start insertion of new item "多个职位多条“命”？"
07-27-13 23:57:05 Debug item content sanitized
07-27-13 23:57:05 Debug icon generated: http://blog.sina.com.cn/favicon.ico
07-27-13 23:59:01 Debug ---
07-27-13 23:59:01 Debug start fetching source "bbbbb (id: 2)  username:zhenhua
07-27-13 23:59:01 Debug spout successfully loaded: spouts\rss\feed
07-27-13 23:59:01 Debug fetch content
07-27-13 23:59:01 Debug minimum date: 2013-06-27 23:59:01
07-27-13 23:59:01 Debug start item fetching
07-27-13 23:59:01 Debug start insertion of new item "多个职位多条“命”？"
07-27-13 23:59:01 Debug item content sanitized
07-27-13 23:59:01 Debug icon generated: http://blog.sina.com.cn/favicon.ico
07-28-13 0:01:42 Debug ---
07-28-13 0:01:42 Debug start fetching source "aaaa (id: 3)  username:zhenhua
07-28-13 0:01:42 Debug spout successfully loaded: spouts\rss\feed
07-28-13 0:01:42 Debug fetch content
07-28-13 0:01:42 Debug minimum date: 2013-06-28 00:01:42
07-28-13 0:01:42 Debug start item fetching
07-28-13 0:01:42 Debug start insertion of new item "抗美援朝战争打出了中国的国威军威打出了中国60余年的和平时期"
07-28-13 0:01:42 Debug item content sanitized
07-28-13 0:01:42 Debug icon generated: http://blog.sina.com.cn/favicon.ico
07-28-13 0:04:37 Debug ---
07-28-13 0:04:37 Debug start fetching source "aaaa (id: 3)  username:zhenhua
07-28-13 0:04:37 Debug spout successfully loaded: spouts\rss\feed
07-28-13 0:04:37 Debug fetch content
07-28-13 0:04:37 Debug minimum date: 2013-06-28 00:04:37
07-28-13 0:04:37 Debug start item fetching
07-28-13 0:04:37 Debug start insertion of new item "抗美援朝战争打出了中国的国威军威打出了中国60余年的和平时期"
07-28-13 0:04:37 Debug item content sanitized
07-28-13 0:04:37 Debug icon generated: http://blog.sina.com.cn/favicon.ico
07-28-13 0:04:54 Debug ---
07-28-13 0:04:54 Debug start fetching source "aaaa (id: 3)  username:zhenhua
07-28-13 0:04:54 Debug spout successfully loaded: spouts\rss\feed
07-28-13 0:04:54 Debug fetch content
07-28-13 0:04:54 Debug minimum date: 2013-06-28 00:04:54
07-28-13 0:04:54 Debug start item fetching
07-28-13 0:04:54 Debug start insertion of new item "抗美援朝战争打出了中国的国威军威打出了中国60余年的和平时期"
07-28-13 0:04:54 Debug item content sanitized
07-28-13 0:04:54 Debug icon generated: http://blog.sina.com.cn/favicon.ico
07-28-13 9:43:02 Debug ---
07-28-13 9:43:02 Debug start fetching source "aaaa (id: 3)  username:zhenhua
07-28-13 9:43:02 Debug spout successfully loaded: spouts\rss\feed
07-28-13 9:43:02 Debug fetch content
07-28-13 9:43:02 Debug minimum date: 2013-06-28 09:43:02
07-28-13 9:43:02 Debug start item fetching
07-28-13 9:43:02 Debug start insertion of new item "抗美援朝战争打出了中国的国威军威打出了中国60余年的和平时期"
07-28-13 9:43:02 Debug item content sanitized
07-28-13 9:43:03 Debug icon generated: http://blog.sina.com.cn/favicon.ico
07-28-13 10:04:02 Debug ---
07-28-13 10:04:02 Debug start fetching source "aaaa (id: 3)  username:zhenhua
07-28-13 10:04:02 Debug spout successfully loaded: spouts\rss\feed
07-28-13 10:04:02 Debug fetch content
07-28-13 10:04:02 Debug minimum date: 2013-06-28 10:04:02
07-28-13 10:04:02 Debug start item fetching
07-28-13 10:04:02 Debug start insertion of new item "抗美援朝战争打出了中国的国威军威打出了中国60余年的和平时期"
07-28-13 10:04:02 Debug item content sanitized
07-28-13 10:04:03 Debug icon generated: http://blog.sina.com.cn/favicon.ico
07-28-13 10:04:03 Debug item inserted
07-28-13 10:04:03 Debug Memory usage: 10753416
07-28-13 10:04:03 Debug Memory peak usage: 11015168
07-28-13 10:04:03 Debug start insertion of new item "美、日2012军力评估报告（民间版）访谈实录"
07-28-13 10:04:03 Debug item content sanitized
07-28-13 10:04:03 Debug use last icon: http://blog.sina.com.cn/favicon.ico
07-28-13 10:04:03 Debug item inserted
07-28-13 10:04:03 Debug Memory usage: 10821848
07-28-13 10:04:03 Debug Memory peak usage: 11294448
07-28-13 10:04:03 Debug start insertion of new item "安倍晋三正在把中日关系推向深渊"
07-28-13 10:04:03 Debug item content sanitized
07-28-13 10:04:03 Debug use last icon: http://blog.sina.com.cn/favicon.ico
07-28-13 10:04:03 Debug item inserted
07-28-13 10:04:03 Debug Memory usage: 10819240
07-28-13 10:04:03 Debug Memory peak usage: 11294448
07-28-13 10:04:03 Debug start insertion of new item "两岸军人应抛弃前嫌，共卫“祖权”"
07-28-13 10:04:03 Debug item content sanitized
07-28-13 10:04:03 Debug use last icon: http://blog.sina.com.cn/favicon.ico
07-28-13 10:04:03 Debug item inserted
07-28-13 10:04:03 Debug Memory usage: 10837920
07-28-13 10:04:03 Debug Memory peak usage: 11294448
07-28-13 10:04:03 Debug start insertion of new item "榜样的力量是无穷的"
07-28-13 10:04:03 Debug item content sanitized
07-28-13 10:04:03 Debug use last icon: http://blog.sina.com.cn/favicon.ico
07-28-13 10:04:03 Debug item inserted
07-28-13 10:04:03 Debug Memory usage: 10854968
07-28-13 10:04:03 Debug Memory peak usage: 11294448
07-28-13 10:04:03 Debug start insertion of new item "转凤凰网采访《罗援解读中国鹰》"
07-28-13 10:04:03 Debug item content sanitized
07-28-13 10:04:03 Debug use last icon: http://blog.sina.com.cn/favicon.ico
07-28-13 10:04:03 Debug item inserted
07-28-13 10:04:03 Debug Memory usage: 10971536
07-28-13 10:04:03 Debug Memory peak usage: 11641072
07-28-13 10:04:03 Debug start insertion of new item "[转载]热烈庆祝中国共产党建党九十二周年！"
07-28-13 10:04:03 Debug item content sanitized
07-28-13 10:04:03 Debug use last icon: http://blog.sina.com.cn/favicon.ico
07-28-13 10:04:03 Debug item inserted
07-28-13 10:04:03 Debug Memory usage: 10936864
07-28-13 10:04:03 Debug Memory peak usage: 11641072
07-28-13 10:04:03 Debug start insertion of new item "警惕日本重蹈军国主义覆辙"
07-28-13 10:04:03 Debug item content sanitized
07-28-13 10:04:03 Debug use last icon: http://blog.sina.com.cn/favicon.ico
07-28-13 10:04:03 Debug item inserted
07-28-13 10:04:03 Debug Memory usage: 11014832
07-28-13 10:04:03 Debug Memory peak usage: 11641072
07-28-13 10:04:03 Debug item "中国绝不会接受菲律宾以任何形式非法侵占仁爱礁" (2013-06-22 09:43:11) older than 30 days
07-28-13 10:04:03 Debug item "为构建中美新型大国关系增砖添瓦" (2013-06-17 13:10:08) older than 30 days
07-28-13 10:04:03 Debug destroy spout object
07-28-13 10:04:03 Debug cleanup orphaned and old items
07-28-13 10:04:03 Debug cleanup orphaned and old items finished
07-28-13 10:04:03 Debug delete orphaned thumbnails
07-28-13 10:04:03 Debug delete orphaned thumbnails finished
07-28-13 10:04:03 Debug delete orphaned icons
07-28-13 10:04:03 Debug delete orphaned icons finished
07-28-13 10:04:03 Debug optimize database
07-28-13 10:04:03 Debug optimize database finished
07-28-13 11:04:29 Debug ---
07-28-13 11:04:29 Debug start fetching source "aaaa (id: 4)  username:zzh
07-28-13 11:04:29 Debug spout successfully loaded: spouts\rss\feed
07-28-13 11:04:29 Debug fetch content
07-28-13 11:04:32 Debug minimum date: 2013-06-28 11:04:32
07-28-13 11:04:32 Debug start item fetching
07-28-13 11:04:32 Debug item "中国绝不会接受菲律宾以任何形式非法侵占仁爱礁" (2013-06-22 09:43:11) older than 30 days
07-28-13 11:04:32 Debug item "为构建中美新型大国关系增砖添瓦" (2013-06-17 13:10:08) older than 30 days
07-28-13 11:04:32 Debug destroy spout object
07-28-13 11:04:32 Debug ---
07-28-13 11:04:32 Debug start fetching source "aaaa (id: 3)  username:zhenhua
07-28-13 11:04:32 Debug spout successfully loaded: spouts\rss\feed
07-28-13 11:04:32 Debug fetch content
07-28-13 11:04:32 Debug minimum date: 2013-06-28 11:04:32
07-28-13 11:04:32 Debug start item fetching
07-28-13 11:04:32 Debug item "中国绝不会接受菲律宾以任何形式非法侵占仁爱礁" (2013-06-22 09:43:11) older than 30 days
07-28-13 11:04:32 Debug item "为构建中美新型大国关系增砖添瓦" (2013-06-17 13:10:08) older than 30 days
07-28-13 11:04:32 Debug destroy spout object
07-28-13 11:04:32 Debug cleanup orphaned and old items
07-28-13 11:04:32 Debug cleanup orphaned and old items finished
07-28-13 11:04:32 Debug delete orphaned thumbnails
07-28-13 11:04:32 Debug delete orphaned thumbnails finished
07-28-13 11:04:32 Debug delete orphaned icons
07-28-13 11:04:32 Debug delete orphaned icons finished
07-28-13 11:04:32 Debug optimize database
07-28-13 11:04:32 Debug optimize database finished
07-28-13 11:09:37 Debug ---
07-28-13 11:09:37 Debug start fetching source "aaaa (id: 3)  username:zhenhua
07-28-13 11:09:37 Debug spout successfully loaded: spouts\rss\feed
07-28-13 11:09:37 Debug fetch content
07-28-13 11:09:37 Debug minimum date: 2013-06-28 11:09:37
07-28-13 11:09:37 Debug start item fetching
07-28-13 11:09:37 Debug item "中国绝不会接受菲律宾以任何形式非法侵占仁爱礁" (2013-06-22 09:43:11) older than 30 days
07-28-13 11:09:37 Debug item "为构建中美新型大国关系增砖添瓦" (2013-06-17 13:10:08) older than 30 days
07-28-13 11:09:37 Debug destroy spout object
07-28-13 11:09:37 Debug ---
07-28-13 11:09:37 Debug start fetching source "aaaa (id: 4)  username:zzh
07-28-13 11:09:37 Debug spout successfully loaded: spouts\rss\feed
07-28-13 11:09:37 Debug fetch content
07-28-13 11:09:37 Debug minimum date: 2013-06-28 11:09:37
07-28-13 11:09:37 Debug start item fetching
07-28-13 11:09:37 Debug item "中国绝不会接受菲律宾以任何形式非法侵占仁爱礁" (2013-06-22 09:43:11) older than 30 days
07-28-13 11:09:37 Debug item "为构建中美新型大国关系增砖添瓦" (2013-06-17 13:10:08) older than 30 days
07-28-13 11:09:37 Debug destroy spout object
07-28-13 11:09:37 Debug cleanup orphaned and old items
07-28-13 11:09:37 Debug cleanup orphaned and old items finished
07-28-13 11:09:37 Debug delete orphaned thumbnails
07-28-13 11:09:37 Debug delete orphaned thumbnails finished
07-28-13 11:09:37 Debug delete orphaned icons
07-28-13 11:09:37 Debug delete orphaned icons finished
07-28-13 11:09:37 Debug optimize database
07-28-13 11:09:37 Debug optimize database finished
07-28-13 11:26:23 Debug ---
07-28-13 11:26:23 Debug start fetching source "aaaa (id: 3)  username:zhenhua
07-28-13 11:26:23 Debug spout successfully loaded: spouts\rss\feed
07-28-13 11:26:23 Debug fetch content
07-28-13 11:26:23 Debug minimum date: 2013-06-28 11:26:23
07-28-13 11:26:23 Debug start item fetching
07-28-13 11:26:23 Debug item "中国绝不会接受菲律宾以任何形式非法侵占仁爱礁" (2013-06-22 09:43:11) older than 30 days
07-28-13 11:26:23 Debug item "为构建中美新型大国关系增砖添瓦" (2013-06-17 13:10:08) older than 30 days
07-28-13 11:26:23 Debug destroy spout object
07-28-13 11:26:23 Debug ---
07-28-13 11:26:23 Debug start fetching source "aaaa (id: 4)  username:zzh
07-28-13 11:26:23 Debug spout successfully loaded: spouts\rss\feed
07-28-13 11:26:23 Debug fetch content
07-28-13 11:26:23 Debug minimum date: 2013-06-28 11:26:23
07-28-13 11:26:23 Debug start item fetching
07-28-13 11:26:23 Debug item "中国绝不会接受菲律宾以任何形式非法侵占仁爱礁" (2013-06-22 09:43:11) older than 30 days
07-28-13 11:26:23 Debug item "为构建中美新型大国关系增砖添瓦" (2013-06-17 13:10:08) older than 30 days
07-28-13 11:26:23 Debug destroy spout object
07-28-13 11:26:23 Debug cleanup orphaned and old items
07-28-13 11:26:23 Debug cleanup orphaned and old items finished
07-28-13 11:26:23 Debug delete orphaned thumbnails
07-28-13 11:26:23 Debug delete orphaned thumbnails finished
07-28-13 11:26:23 Debug delete orphaned icons
07-28-13 11:26:23 Debug delete orphaned icons finished
07-28-13 11:26:23 Debug optimize database
07-28-13 11:26:23 Debug optimize database finished
07-28-13 11:35:19 Debug ---
07-28-13 11:35:19 Debug start fetching source "aaaa (id: 3)  username:zhenhua
07-28-13 11:35:19 Debug spout successfully loaded: spouts\rss\feed
07-28-13 11:35:19 Debug fetch content
07-28-13 11:35:20 Debug minimum date: 2013-06-28 11:35:20
07-28-13 11:35:20 Debug start item fetching
07-28-13 11:36:05 Debug ---
07-28-13 11:36:05 Debug start fetching source "aaaa (id: 3)  username:zhenhua
07-28-13 11:36:05 Debug spout successfully loaded: spouts\rss\feed
07-28-13 11:36:05 Debug fetch content
07-28-13 11:36:05 Debug minimum date: 2013-06-28 11:36:05
07-28-13 11:36:05 Debug start item fetching
07-28-13 11:36:05 Debug item :idhttp://blog.sina.com.cn/s/blog_549c1d970101dyye.html
07-28-13 11:36:05 Debug item :idhttp://blog.sina.com.cn/s/blog_549c1d970101dtb9.html
07-28-13 11:36:05 Debug item :idhttp://blog.sina.com.cn/s/blog_549c1d970101drz0.html
07-28-13 11:36:05 Debug item :idhttp://blog.sina.com.cn/s/blog_549c1d970101dr5c.html
07-28-13 11:36:05 Debug item :idhttp://blog.sina.com.cn/s/blog_549c1d970101dlko.html
07-28-13 11:36:05 Debug item :idhttp://blog.sina.com.cn/s/blog_549c1d970101dhv1.html
07-28-13 11:36:05 Debug item :idhttp://blog.sina.com.cn/s/blog_549c1d970101dfon.html
07-28-13 11:36:05 Debug item :idhttp://blog.sina.com.cn/s/blog_549c1d970101decr.html
07-28-13 11:36:05 Debug item :idhttp://blog.sina.com.cn/s/blog_549c1d970101d9o6.html
07-28-13 11:36:05 Debug item "中国绝不会接受菲律宾以任何形式非法侵占仁爱礁" (2013-06-22 09:43:11) older than 30 days
07-28-13 11:36:05 Debug item :idhttp://blog.sina.com.cn/s/blog_549c1d970101d6gl.html
07-28-13 11:36:05 Debug item "为构建中美新型大国关系增砖添瓦" (2013-06-17 13:10:08) older than 30 days
07-28-13 11:36:05 Debug destroy spout object
07-28-13 11:36:05 Debug ---
07-28-13 11:36:05 Debug start fetching source "aaaa (id: 4)  username:zzh
07-28-13 11:36:05 Debug spout successfully loaded: spouts\rss\feed
07-28-13 11:36:05 Debug fetch content
07-28-13 11:36:05 Debug minimum date: 2013-06-28 11:36:05
07-28-13 11:36:05 Debug start item fetching
07-28-13 11:36:05 Debug item :idhttp://blog.sina.com.cn/s/blog_549c1d970101dyye.html
07-28-13 11:36:05 Debug item :idhttp://blog.sina.com.cn/s/blog_549c1d970101dtb9.html
07-28-13 11:36:05 Debug item :idhttp://blog.sina.com.cn/s/blog_549c1d970101drz0.html
07-28-13 11:36:05 Debug item :idhttp://blog.sina.com.cn/s/blog_549c1d970101dr5c.html
07-28-13 11:36:05 Debug item :idhttp://blog.sina.com.cn/s/blog_549c1d970101dlko.html
07-28-13 11:36:05 Debug item :idhttp://blog.sina.com.cn/s/blog_549c1d970101dhv1.html
07-28-13 11:36:05 Debug item :idhttp://blog.sina.com.cn/s/blog_549c1d970101dfon.html
07-28-13 11:36:05 Debug item :idhttp://blog.sina.com.cn/s/blog_549c1d970101decr.html
07-28-13 11:36:05 Debug item :idhttp://blog.sina.com.cn/s/blog_549c1d970101d9o6.html
07-28-13 11:36:05 Debug item "中国绝不会接受菲律宾以任何形式非法侵占仁爱礁" (2013-06-22 09:43:11) older than 30 days
07-28-13 11:36:05 Debug item :idhttp://blog.sina.com.cn/s/blog_549c1d970101d6gl.html
07-28-13 11:36:05 Debug item "为构建中美新型大国关系增砖添瓦" (2013-06-17 13:10:08) older than 30 days
07-28-13 11:36:05 Debug destroy spout object
07-28-13 11:36:05 Debug cleanup orphaned and old items
07-28-13 11:36:05 Debug cleanup orphaned and old items finished
07-28-13 11:36:05 Debug delete orphaned thumbnails
07-28-13 11:36:05 Debug delete orphaned thumbnails finished
07-28-13 11:36:05 Debug delete orphaned icons
07-28-13 11:36:05 Debug delete orphaned icons finished
07-28-13 11:36:05 Debug optimize database
07-28-13 11:36:05 Debug optimize database finished
07-28-13 11:42:49 Debug ---
07-28-13 11:42:49 Debug start fetching source "aaaa (id: 3)  username:zhenhua
07-28-13 11:42:49 Debug spout successfully loaded: spouts\rss\feed
07-28-13 11:42:49 Debug fetch content
07-28-13 11:42:49 Debug minimum date: 2013-06-28 11:42:49
07-28-13 11:42:49 Debug start item fetching
07-28-13 11:42:49 Debug username:zhenhua item id:http://blog.sina.com.cn/s/blog_549c1d970101dyye.html
07-28-13 11:42:49 Debug username:zhenhua item id:http://blog.sina.com.cn/s/blog_549c1d970101dtb9.html
07-28-13 11:42:49 Debug username:zhenhua item id:http://blog.sina.com.cn/s/blog_549c1d970101drz0.html
07-28-13 11:42:49 Debug username:zhenhua item id:http://blog.sina.com.cn/s/blog_549c1d970101dr5c.html
07-28-13 11:42:49 Debug username:zhenhua item id:http://blog.sina.com.cn/s/blog_549c1d970101dlko.html
07-28-13 11:42:49 Debug username:zhenhua item id:http://blog.sina.com.cn/s/blog_549c1d970101dhv1.html
07-28-13 11:42:49 Debug username:zhenhua item id:http://blog.sina.com.cn/s/blog_549c1d970101dfon.html
07-28-13 11:42:49 Debug username:zhenhua item id:http://blog.sina.com.cn/s/blog_549c1d970101decr.html
07-28-13 11:42:49 Debug username:zhenhua item id:http://blog.sina.com.cn/s/blog_549c1d970101d9o6.html
07-28-13 11:42:49 Debug item "中国绝不会接受菲律宾以任何形式非法侵占仁爱礁" (2013-06-22 09:43:11) older than 30 days
07-28-13 11:42:49 Debug username:zhenhua item id:http://blog.sina.com.cn/s/blog_549c1d970101d6gl.html
07-28-13 11:42:49 Debug item "为构建中美新型大国关系增砖添瓦" (2013-06-17 13:10:08) older than 30 days
07-28-13 11:42:49 Debug destroy spout object
07-28-13 11:42:49 Debug ---
07-28-13 11:42:49 Debug start fetching source "aaaa (id: 4)  username:zzh
07-28-13 11:42:49 Debug spout successfully loaded: spouts\rss\feed
07-28-13 11:42:49 Debug fetch content
07-28-13 11:42:49 Debug minimum date: 2013-06-28 11:42:49
07-28-13 11:42:49 Debug start item fetching
07-28-13 11:42:49 Debug username:zzh item id:http://blog.sina.com.cn/s/blog_549c1d970101dyye.html
07-28-13 11:42:49 Debug start insertion of new item "抗美援朝战争打出了中国的国威军威打出了中国60余年的和平时期"
07-28-13 11:42:49 Debug item content sanitized
07-28-13 11:42:56 Debug icon generated: http://blog.sina.com.cn/favicon.ico
07-28-13 11:42:56 Debug ---
07-28-13 11:42:56 Debug start fetching source "aaaa (id: 4)  username:zzh
07-28-13 11:42:56 Debug spout successfully loaded: spouts\rss\feed
07-28-13 11:42:56 Debug fetch content
07-28-13 11:42:56 Debug minimum date: 2013-06-28 11:42:56
07-28-13 11:42:56 Debug start item fetching
07-28-13 11:42:56 Debug username:zzh item id:http://blog.sina.com.cn/s/blog_549c1d970101dyye.html
07-28-13 11:42:56 Debug start insertion of new item "抗美援朝战争打出了中国的国威军威打出了中国60余年的和平时期"
07-28-13 11:42:56 Debug item content sanitized
07-28-13 11:43:04 Debug icon generated: http://blog.sina.com.cn/favicon.ico
07-28-13 11:45:22 Debug ---
07-28-13 11:45:22 Debug start fetching source "aaaa (id: 4)  username:zzh
07-28-13 11:45:22 Debug spout successfully loaded: spouts\rss\feed
07-28-13 11:45:22 Debug fetch content
07-28-13 11:45:22 Debug minimum date: 2013-06-28 11:45:22
07-28-13 11:45:22 Debug start item fetching
07-28-13 11:45:22 Debug username:zzh item id:http://blog.sina.com.cn/s/blog_549c1d970101dyye.html
07-28-13 11:45:22 Debug start insertion of new item "抗美援朝战争打出了中国的国威军威打出了中国60余年的和平时期"
07-28-13 11:45:22 Debug item content sanitized
07-28-13 11:45:30 Debug icon generated: http://blog.sina.com.cn/favicon.ico
07-28-13 11:45:30 Debug item inserted
07-28-13 11:45:30 Debug Memory usage: 10759528
07-28-13 11:45:30 Debug Memory peak usage: 11021280
07-28-13 11:45:30 Debug username:zzh item id:http://blog.sina.com.cn/s/blog_549c1d970101dtb9.html
07-28-13 11:45:30 Debug start insertion of new item "美、日2012军力评估报告（民间版）访谈实录"
07-28-13 11:45:30 Debug item content sanitized
07-28-13 11:45:30 Debug use last icon: http://blog.sina.com.cn/favicon.ico
07-28-13 11:45:30 Debug item inserted
07-28-13 11:45:30 Debug Memory usage: 10828024
07-28-13 11:45:30 Debug Memory peak usage: 11299928
07-28-13 11:45:30 Debug username:zzh item id:http://blog.sina.com.cn/s/blog_549c1d970101drz0.html
07-28-13 11:45:30 Debug start insertion of new item "安倍晋三正在把中日关系推向深渊"
07-28-13 11:45:30 Debug item content sanitized
07-28-13 11:45:30 Debug use last icon: http://blog.sina.com.cn/favicon.ico
07-28-13 11:45:30 Debug item inserted
07-28-13 11:45:30 Debug Memory usage: 10825424
07-28-13 11:45:30 Debug Memory peak usage: 11299928
07-28-13 11:45:30 Debug username:zzh item id:http://blog.sina.com.cn/s/blog_549c1d970101dr5c.html
07-28-13 11:45:30 Debug start insertion of new item "两岸军人应抛弃前嫌，共卫“祖权”"
07-28-13 11:45:30 Debug item content sanitized
07-28-13 11:45:30 Debug use last icon: http://blog.sina.com.cn/favicon.ico
07-28-13 11:45:30 Debug item inserted
07-28-13 11:45:30 Debug Memory usage: 10844136
07-28-13 11:45:30 Debug Memory peak usage: 11299928
07-28-13 11:45:30 Debug username:zzh item id:http://blog.sina.com.cn/s/blog_549c1d970101dlko.html
07-28-13 11:45:30 Debug start insertion of new item "榜样的力量是无穷的"
07-28-13 11:45:30 Debug item content sanitized
07-28-13 11:45:30 Debug use last icon: http://blog.sina.com.cn/favicon.ico
07-28-13 11:45:30 Debug item inserted
07-28-13 11:45:30 Debug Memory usage: 10861216
07-28-13 11:45:30 Debug Memory peak usage: 11299928
07-28-13 11:45:30 Debug username:zzh item id:http://blog.sina.com.cn/s/blog_549c1d970101dhv1.html
07-28-13 11:45:30 Debug start insertion of new item "转凤凰网采访《罗援解读中国鹰》"
07-28-13 11:45:30 Debug item content sanitized
07-28-13 11:45:30 Debug use last icon: http://blog.sina.com.cn/favicon.ico
07-28-13 11:45:30 Debug item inserted
07-28-13 11:45:30 Debug Memory usage: 10977816
07-28-13 11:45:30 Debug Memory peak usage: 11647136
07-28-13 11:45:30 Debug username:zzh item id:http://blog.sina.com.cn/s/blog_549c1d970101dfon.html
07-28-13 11:45:30 Debug start insertion of new item "[转载]热烈庆祝中国共产党建党九十二周年！"
07-28-13 11:45:30 Debug item content sanitized
07-28-13 11:45:30 Debug use last icon: http://blog.sina.com.cn/favicon.ico
07-28-13 11:45:30 Debug item inserted
07-28-13 11:45:30 Debug Memory usage: 10943184
07-28-13 11:45:30 Debug Memory peak usage: 11647136
07-28-13 11:45:30 Debug username:zzh item id:http://blog.sina.com.cn/s/blog_549c1d970101decr.html
07-28-13 11:45:30 Debug start insertion of new item "警惕日本重蹈军国主义覆辙"
07-28-13 11:45:30 Debug item content sanitized
07-28-13 11:45:30 Debug use last icon: http://blog.sina.com.cn/favicon.ico
07-28-13 11:45:30 Debug item inserted
07-28-13 11:45:30 Debug Memory usage: 11021152
07-28-13 11:45:30 Debug Memory peak usage: 11647136
07-28-13 11:45:30 Debug username:zzh item id:http://blog.sina.com.cn/s/blog_549c1d970101d9o6.html
07-28-13 11:45:30 Debug item "中国绝不会接受菲律宾以任何形式非法侵占仁爱礁" (2013-06-22 09:43:11) older than 30 days
07-28-13 11:45:30 Debug username:zzh item id:http://blog.sina.com.cn/s/blog_549c1d970101d6gl.html
07-28-13 11:45:30 Debug item "为构建中美新型大国关系增砖添瓦" (2013-06-17 13:10:08) older than 30 days
07-28-13 11:45:30 Debug destroy spout object
07-28-13 11:45:30 Debug ---
07-28-13 11:45:30 Debug start fetching source "aaaa (id: 3)  username:zhenhua
07-28-13 11:45:30 Debug spout successfully loaded: spouts\rss\feed
07-28-13 11:45:30 Debug fetch content
07-28-13 11:45:30 Debug minimum date: 2013-06-28 11:45:30
07-28-13 11:45:30 Debug start item fetching
07-28-13 11:45:30 Debug username:zhenhua item id:http://blog.sina.com.cn/s/blog_549c1d970101dyye.html
07-28-13 11:45:30 Debug username:zhenhua item id:http://blog.sina.com.cn/s/blog_549c1d970101dtb9.html
07-28-13 11:45:30 Debug username:zhenhua item id:http://blog.sina.com.cn/s/blog_549c1d970101drz0.html
07-28-13 11:45:30 Debug username:zhenhua item id:http://blog.sina.com.cn/s/blog_549c1d970101dr5c.html
07-28-13 11:45:30 Debug username:zhenhua item id:http://blog.sina.com.cn/s/blog_549c1d970101dlko.html
07-28-13 11:45:30 Debug username:zhenhua item id:http://blog.sina.com.cn/s/blog_549c1d970101dhv1.html
07-28-13 11:45:30 Debug username:zhenhua item id:http://blog.sina.com.cn/s/blog_549c1d970101dfon.html
07-28-13 11:45:30 Debug username:zhenhua item id:http://blog.sina.com.cn/s/blog_549c1d970101decr.html
07-28-13 11:45:30 Debug username:zhenhua item id:http://blog.sina.com.cn/s/blog_549c1d970101d9o6.html
07-28-13 11:45:30 Debug item "中国绝不会接受菲律宾以任何形式非法侵占仁爱礁" (2013-06-22 09:43:11) older than 30 days
07-28-13 11:45:30 Debug username:zhenhua item id:http://blog.sina.com.cn/s/blog_549c1d970101d6gl.html
07-28-13 11:45:30 Debug item "为构建中美新型大国关系增砖添瓦" (2013-06-17 13:10:08) older than 30 days
07-28-13 11:45:30 Debug destroy spout object
07-28-13 11:45:30 Debug cleanup orphaned and old items
07-28-13 11:45:30 Debug cleanup orphaned and old items finished
07-28-13 11:45:30 Debug delete orphaned thumbnails
07-28-13 11:45:30 Debug delete orphaned thumbnails finished
07-28-13 11:45:30 Debug delete orphaned icons
07-28-13 11:45:30 Debug delete orphaned icons finished
07-28-13 11:45:30 Debug optimize database
07-28-13 11:45:30 Debug optimize database finished
07-29-13 23:47:27 Debug ---
07-29-13 23:47:27 Debug start fetching source "aaaa (id: 3)  username:zhenhua
07-29-13 23:47:27 Debug spout successfully loaded: spouts\rss\feed
07-29-13 23:47:27 Debug fetch content
07-29-13 23:47:28 Debug minimum date: 2013-06-29 23:47:28
07-29-13 23:47:28 Debug start item fetching
07-29-13 23:47:28 Debug username:zhenhua item id:http://blog.sina.com.cn/s/blog_549c1d970101dyye.html
07-29-13 23:47:28 Debug username:zhenhua item id:http://blog.sina.com.cn/s/blog_549c1d970101dtb9.html
07-29-13 23:47:28 Debug username:zhenhua item id:http://blog.sina.com.cn/s/blog_549c1d970101drz0.html
07-29-13 23:47:28 Debug username:zhenhua item id:http://blog.sina.com.cn/s/blog_549c1d970101dr5c.html
07-29-13 23:47:28 Debug username:zhenhua item id:http://blog.sina.com.cn/s/blog_549c1d970101dlko.html
07-29-13 23:47:28 Debug username:zhenhua item id:http://blog.sina.com.cn/s/blog_549c1d970101dhv1.html
07-29-13 23:47:28 Debug username:zhenhua item id:http://blog.sina.com.cn/s/blog_549c1d970101dfon.html
07-29-13 23:47:28 Debug username:zhenhua item id:http://blog.sina.com.cn/s/blog_549c1d970101decr.html
07-29-13 23:47:28 Debug username:zhenhua item id:http://blog.sina.com.cn/s/blog_549c1d970101d9o6.html
07-29-13 23:47:28 Debug item "中国绝不会接受菲律宾以任何形式非法侵占仁爱礁" (2013-06-22 09:43:11) older than 30 days
07-29-13 23:47:28 Debug username:zhenhua item id:http://blog.sina.com.cn/s/blog_549c1d970101d6gl.html
07-29-13 23:47:28 Debug item "为构建中美新型大国关系增砖添瓦" (2013-06-17 13:10:08) older than 30 days
07-29-13 23:47:28 Debug destroy spout object
07-29-13 23:47:28 Debug ---
07-29-13 23:47:28 Debug start fetching source "aaaa (id: 4)  username:zzh
07-29-13 23:47:28 Debug spout successfully loaded: spouts\rss\feed
07-29-13 23:47:28 Debug fetch content
07-29-13 23:47:28 Debug minimum date: 2013-06-29 23:47:28
07-29-13 23:47:28 Debug start item fetching
07-29-13 23:47:28 Debug username:zzh item id:http://blog.sina.com.cn/s/blog_549c1d970101dyye.html
07-29-13 23:47:28 Debug username:zzh item id:http://blog.sina.com.cn/s/blog_549c1d970101dtb9.html
07-29-13 23:47:28 Debug username:zzh item id:http://blog.sina.com.cn/s/blog_549c1d970101drz0.html
07-29-13 23:47:28 Debug username:zzh item id:http://blog.sina.com.cn/s/blog_549c1d970101dr5c.html
07-29-13 23:47:28 Debug username:zzh item id:http://blog.sina.com.cn/s/blog_549c1d970101dlko.html
07-29-13 23:47:28 Debug username:zzh item id:http://blog.sina.com.cn/s/blog_549c1d970101dhv1.html
07-29-13 23:47:28 Debug username:zzh item id:http://blog.sina.com.cn/s/blog_549c1d970101dfon.html
07-29-13 23:47:28 Debug username:zzh item id:http://blog.sina.com.cn/s/blog_549c1d970101decr.html
07-29-13 23:47:28 Debug username:zzh item id:http://blog.sina.com.cn/s/blog_549c1d970101d9o6.html
07-29-13 23:47:28 Debug item "中国绝不会接受菲律宾以任何形式非法侵占仁爱礁" (2013-06-22 09:43:11) older than 30 days
07-29-13 23:47:28 Debug username:zzh item id:http://blog.sina.com.cn/s/blog_549c1d970101d6gl.html
07-29-13 23:47:28 Debug item "为构建中美新型大国关系增砖添瓦" (2013-06-17 13:10:08) older than 30 days
07-29-13 23:47:28 Debug destroy spout object
07-29-13 23:47:28 Debug cleanup orphaned and old items
07-29-13 23:47:28 Debug cleanup orphaned and old items finished
07-29-13 23:47:28 Debug delete orphaned thumbnails
07-29-13 23:47:28 Debug delete orphaned thumbnails finished
07-29-13 23:47:28 Debug delete orphaned icons
07-29-13 23:47:28 Debug delete orphaned icons finished
07-29-13 23:47:28 Debug optimize database
07-29-13 23:47:28 Debug optimize database finished
07-30-13 9:00:38 Error Unimplemented method for mysql: getpasswd
07-30-13 9:00:38 Error Unimplemented method for mysql: getpasswd
07-30-13 9:00:50 Error Unimplemented method for mysql: getpasswd
07-30-13 9:00:50 Error Unimplemented method for mysql: getpasswd
07-30-13 9:01:14 Error Unimplemented method for mysql: getpasswd
07-30-13 9:01:14 Error Unimplemented method for mysql: getpasswd
07-30-13 9:03:41 Error Unimplemented method for mysql: getpasswd
07-30-13 9:03:41 Error Unimplemented method for mysql: getpasswd
07-30-13 9:04:19 Error Unimplemented method for mysql: getpasswd
07-30-13 9:04:19 Error Unimplemented method for mysql: getpasswd
07-30-13 9:04:54 Error Unimplemented method for mysql: getpasswd
07-30-13 9:04:54 Error Unimplemented method for mysql: getpasswd
07-30-13 9:05:44 Error Unimplemented method for mysql: getpasswd
07-30-13 9:05:44 Error Unimplemented method for mysql: getpasswd
07-30-13 9:09:17 Error Unimplemented method for mysql: getpasswd
07-30-13 9:09:17 Error Unimplemented method for mysql: getpasswd
07-30-13 9:10:03 Error Unimplemented method for mysql: getpasswd
07-30-13 9:10:03 Error Unimplemented method for mysql: getpasswd
07-30-13 23:31:25 Debug new EPub()
07-30-13 23:31:36 Debug new EPub()
07-30-13 23:32:41 Debug new EPub()
07-30-13 23:32:41 Debug EPub version: 2.12
07-30-13 23:32:41 Debug EPub Req. Zip version: 1.38
07-30-13 23:32:41 Debug Zip version: 1.38
07-30-13 23:32:41 Debug getCurrentServerURL: http://sites/
07-30-13 23:32:41 Debug getCurrentPageURL..: http://sites/epub
07-30-13 23:32:44 Debug new EPub()
07-30-13 23:32:44 Debug EPub version: 2.12
07-30-13 23:32:44 Debug EPub Req. Zip version: 1.38
07-30-13 23:32:44 Debug Zip version: 1.38
07-30-13 23:32:44 Debug getCurrentServerURL: http://sites/
07-30-13 23:32:44 Debug getCurrentPageURL..: http://sites/epub
07-30-13 23:33:29 Debug new EPub()
07-30-13 23:33:29 Debug EPub version: 2.12
07-30-13 23:33:29 Debug EPub Req. Zip version: 1.38
07-30-13 23:33:29 Debug Zip version: 1.38
07-30-13 23:33:29 Debug getCurrentServerURL: http://sites/
07-30-13 23:33:29 Debug getCurrentPageURL..: http://sites/epub
07-30-13 23:33:29 Debug Set up parameters
07-30-13 23:33:29 Debug Add css
07-30-13 23:35:12 Debug new EPub()
07-30-13 23:35:12 Debug EPub version: 2.12
07-30-13 23:35:12 Debug EPub Req. Zip version: 1.38
07-30-13 23:35:12 Debug Zip version: 1.38
07-30-13 23:35:12 Debug getCurrentServerURL: http://sites/
07-30-13 23:35:12 Debug getCurrentPageURL..: http://sites/epub
07-30-13 23:35:12 Debug Set up parameters
07-30-13 23:35:12 Debug Add css
07-30-13 23:36:39 Debug new EPub()
07-30-13 23:36:39 Debug EPub version: 2.12
07-30-13 23:36:39 Debug EPub Req. Zip version: 1.38
07-30-13 23:36:39 Debug Zip version: 1.38
07-30-13 23:36:39 Debug getCurrentServerURL: http://sites/
07-30-13 23:36:39 Debug getCurrentPageURL..: http://sites/epub
07-30-13 23:36:39 Debug Set up parameters
07-30-13 23:36:39 Debug Add css
07-30-13 23:37:03 Debug new EPub()
07-30-13 23:37:03 Debug EPub version: 2.12
07-30-13 23:37:03 Debug EPub Req. Zip version: 1.38
07-30-13 23:37:03 Debug Zip version: 1.38
07-30-13 23:37:03 Debug getCurrentServerURL: http://sites/
07-30-13 23:37:03 Debug getCurrentPageURL..: http://sites/epub
07-30-13 23:37:03 Debug Set up parameters
07-30-13 23:37:03 Debug Add css
07-30-13 23:38:25 Debug new EPub()
07-30-13 23:38:25 Debug EPub version: 2.12
07-30-13 23:38:25 Debug EPub Req. Zip version: 1.38
07-30-13 23:38:25 Debug Zip version: 1.38
07-30-13 23:38:25 Debug getCurrentServerURL: http://sites/
07-30-13 23:38:25 Debug getCurrentPageURL..: http://sites/epub
07-30-13 23:38:25 Debug Set up parameters
07-30-13 23:38:25 Debug Add css
07-30-13 23:43:15 Debug new EPub()
07-30-13 23:43:15 Debug EPub version: 2.12
07-30-13 23:43:15 Debug EPub Req. Zip version: 1.38
07-30-13 23:43:15 Debug Zip version: 1.38
07-30-13 23:43:15 Debug getCurrentServerURL: http://sites/
07-30-13 23:43:15 Debug getCurrentPageURL..: http://sites/epub
07-30-13 23:43:15 Debug Set up parameters
07-30-13 23:43:15 Debug Add css
07-30-13 23:43:22 Debug new EPub()
07-30-13 23:43:22 Debug EPub version: 2.12
07-30-13 23:43:22 Debug EPub Req. Zip version: 1.38
07-30-13 23:43:22 Debug Zip version: 1.38
07-30-13 23:43:22 Debug getCurrentServerURL: http://sites/
07-30-13 23:43:22 Debug getCurrentPageURL..: http://sites/epub
07-30-13 23:43:22 Debug Set up parameters
07-30-13 23:43:22 Debug Add css
07-30-13 23:44:04 Debug new EPub()
07-30-13 23:44:04 Debug EPub version: 2.12
07-30-13 23:44:04 Debug EPub Req. Zip version: 1.38
07-30-13 23:44:04 Debug Zip version: 1.38
07-30-13 23:44:04 Debug getCurrentServerURL: http://sites/
07-30-13 23:44:04 Debug getCurrentPageURL..: http://sites/epub
07-30-13 23:44:04 Debug Set up parameters
07-30-13 23:44:04 Debug Add css
07-30-13 23:44:29 Debug new EPub()
07-30-13 23:44:29 Debug EPub version: 2.12
07-30-13 23:44:29 Debug EPub Req. Zip version: 1.38
07-30-13 23:44:29 Debug Zip version: 1.38
07-30-13 23:44:29 Debug getCurrentServerURL: http://sites/
07-30-13 23:44:29 Debug getCurrentPageURL..: http://sites/epub
07-30-13 23:44:29 Debug Set up parameters
07-30-13 23:44:29 Debug Add css
07-30-13 23:50:20 Debug new EPub()
07-30-13 23:50:20 Debug EPub version: 2.12
07-30-13 23:50:20 Debug EPub Req. Zip version: 1.38
07-30-13 23:50:20 Debug Zip version: 1.38
07-30-13 23:50:20 Debug getCurrentServerURL: http://sites/
07-30-13 23:50:20 Debug getCurrentPageURL..: http://sites/epub
07-30-13 23:50:20 Debug Set up parameters
07-30-13 23:50:20 Debug Add css
07-30-13 23:51:25 Debug new EPub()
07-30-13 23:51:25 Debug EPub version: 2.12
07-30-13 23:51:25 Debug EPub Req. Zip version: 1.38
07-30-13 23:51:25 Debug Zip version: 1.38
07-30-13 23:51:25 Debug getCurrentServerURL: http://sites/
07-30-13 23:51:25 Debug getCurrentPageURL..: http://sites/epub
07-30-13 23:51:25 Debug Set up parameters
07-30-13 23:51:25 Debug Add css
07-30-13 23:51:32 Debug new EPub()
07-30-13 23:51:32 Debug EPub version: 2.12
07-30-13 23:51:32 Debug EPub Req. Zip version: 1.38
07-30-13 23:51:32 Debug Zip version: 1.38
07-30-13 23:51:32 Debug getCurrentServerURL: http://sites/
07-30-13 23:51:32 Debug getCurrentPageURL..: http://sites/epub
07-30-13 23:51:32 Debug Set up parameters
07-30-13 23:51:32 Debug Add css
07-30-13 23:51:38 Debug new EPub()
07-30-13 23:51:38 Debug EPub version: 2.12
07-30-13 23:51:38 Debug EPub Req. Zip version: 1.38
07-30-13 23:51:38 Debug Zip version: 1.38
07-30-13 23:51:38 Debug getCurrentServerURL: http://sites/
07-30-13 23:51:38 Debug getCurrentPageURL..: http://sites/epub
07-30-13 23:51:38 Debug Set up parameters
07-30-13 23:51:38 Debug Add css
08-04-13 0:28:47 Debug new EPub()
08-04-13 0:28:47 Debug EPub version: 2.12
08-04-13 0:28:47 Debug EPub Req. Zip version: 1.38
08-04-13 0:28:47 Debug Zip version: 1.38
08-04-13 0:28:47 Debug getCurrentServerURL: http://sites/
08-04-13 0:28:47 Debug getCurrentPageURL..: http://sites/epub
08-04-13 0:28:47 Debug Set up parameters
08-04-13 0:28:47 Debug Add css
08-04-13 0:34:07 Debug new EPub()
08-04-13 0:34:07 Debug EPub version: 2.12
08-04-13 0:34:07 Debug EPub Req. Zip version: 1.38
08-04-13 0:34:07 Debug Zip version: 1.38
08-04-13 0:34:07 Debug getCurrentServerURL: http://sites/
08-04-13 0:34:07 Debug getCurrentPageURL..: http://sites/epub
08-04-13 0:34:07 Debug Set up parameters
08-04-13 0:34:07 Debug Add css
08-04-13 0:36:07 Debug new EPub()
08-04-13 0:36:07 Debug EPub version: 2.12
08-04-13 0:36:07 Debug EPub Req. Zip version: 1.38
08-04-13 0:36:07 Debug Zip version: 1.38
08-04-13 0:36:07 Debug getCurrentServerURL: http://sites/
08-04-13 0:36:07 Debug getCurrentPageURL..: http://sites/epub
08-04-13 0:36:07 Debug Set up parameters
08-04-13 0:36:07 Debug Add css
08-04-13 0:40:17 Debug ---
08-04-13 0:40:17 Debug start fetching source "kaiens (id: 5)  username:zzh
08-04-13 0:40:17 Debug spout successfully loaded: spouts\rss\feed
08-04-13 0:40:17 Debug fetch content
08-04-13 0:40:18 Debug minimum date: 2013-07-05 00:40:18
08-04-13 0:40:18 Debug start item fetching
08-04-13 0:40:18 Debug start insertion of new item "8.5大盘直播和操作策略"
08-04-13 0:40:18 Debug item content sanitized
08-04-13 0:40:18 Debug icon generated: http://blog.sina.com.cn/favicon.ico
08-04-13 0:40:18 Debug item inserted
08-04-13 0:40:18 Debug Memory usage: 10752128
08-04-13 0:40:18 Debug Memory peak usage: 11086800
08-04-13 0:40:18 Debug start insertion of new item "周预测轮盘：新一轮创业板盛宴开启"
08-04-13 0:40:18 Debug item content sanitized
08-04-13 0:40:18 Debug use last icon: http://blog.sina.com.cn/favicon.ico
08-04-13 0:40:18 Debug item inserted
08-04-13 0:40:18 Debug Memory usage: 10762656
08-04-13 0:40:18 Debug Memory peak usage: 11086800
08-04-13 0:40:18 Debug start insertion of new item "上涨时守住股，下跌时守住心"
08-04-13 0:40:18 Debug item content sanitized
08-04-13 0:40:18 Debug use last icon: http://blog.sina.com.cn/favicon.ico
08-04-13 0:40:18 Debug item inserted
08-04-13 0:40:18 Debug Memory usage: 10773104
08-04-13 0:40:18 Debug Memory peak usage: 11086800
08-04-13 0:40:18 Debug start insertion of new item "今天上午网络不通，大盘直播暂停"
08-04-13 0:40:18 Debug item content sanitized
08-04-13 0:40:18 Debug use last icon: http://blog.sina.com.cn/favicon.ico
08-04-13 0:40:18 Debug item inserted
08-04-13 0:40:18 Debug Memory usage: 10783032
08-04-13 0:40:18 Debug Memory peak usage: 11086800
08-04-13 0:40:18 Debug start insertion of new item "速记英语，给有用的人"
08-04-13 0:40:18 Debug item content sanitized
08-04-13 0:40:18 Debug use last icon: http://blog.sina.com.cn/favicon.ico
08-04-13 0:40:18 Debug item inserted
08-04-13 0:40:18 Debug Memory usage: 10793992
08-04-13 0:40:18 Debug Memory peak usage: 11093216
08-04-13 0:40:18 Debug start insertion of new item "8.2大盘直播和操作策略"
08-04-13 0:40:18 Debug item content sanitized
08-04-13 0:40:18 Debug use last icon: http://blog.sina.com.cn/favicon.ico
08-04-13 0:40:18 Debug item inserted
08-04-13 0:40:18 Debug Memory usage: 10804520
08-04-13 0:40:18 Debug Memory peak usage: 11106024
08-04-13 0:40:18 Debug start insertion of new item "每次经济转型都是赚钱的重大机会"
08-04-13 0:40:18 Debug item content sanitized
08-04-13 0:40:18 Debug use last icon: http://blog.sina.com.cn/favicon.ico
08-04-13 0:40:18 Debug item inserted
08-04-13 0:40:18 Debug Memory usage: 10815016
08-04-13 0:40:18 Debug Memory peak usage: 11119272
08-04-13 0:40:18 Debug start insertion of new item "8.1财经要闻评论"
08-04-13 0:40:18 Debug item content sanitized
08-04-13 0:40:18 Debug use last icon: http://blog.sina.com.cn/favicon.ico
08-04-13 0:40:18 Debug item inserted
08-04-13 0:40:18 Debug Memory usage: 10825616
08-04-13 0:40:18 Debug Memory peak usage: 11132872
08-04-13 0:40:18 Debug start insertion of new item "下半年经济政策分析与A股方向"
08-04-13 0:40:18 Debug item content sanitized
08-04-13 0:40:18 Debug use last icon: http://blog.sina.com.cn/favicon.ico
08-04-13 0:40:18 Debug item inserted
08-04-13 0:40:18 Debug Memory usage: 10836248
08-04-13 0:40:18 Debug Memory peak usage: 11146272
08-04-13 0:40:18 Debug start insertion of new item "如何正确看待创业板的高估值？"
08-04-13 0:40:18 Debug item content sanitized
08-04-13 0:40:18 Debug use last icon: http://blog.sina.com.cn/favicon.ico
08-04-13 0:40:18 Debug item inserted
08-04-13 0:40:18 Debug Memory usage: 10846752
08-04-13 0:40:18 Debug Memory peak usage: 11158416
08-04-13 0:40:18 Debug destroy spout object
08-04-13 0:40:18 Debug ---
08-04-13 0:40:18 Debug start fetching source "aaaa (id: 4)  username:zzh
08-04-13 0:40:18 Debug spout successfully loaded: spouts\rss\feed
08-04-13 0:40:18 Debug fetch content
08-04-13 0:40:18 Debug minimum date: 2013-07-05 00:40:18
08-04-13 0:40:18 Debug start item fetching
08-04-13 0:40:18 Debug start insertion of new item "采取多种手段，在多领域、全方位宣示和捍卫国家主权"
08-04-13 0:40:18 Debug item content sanitized
08-04-13 0:40:18 Debug icon generated: http://blog.sina.com.cn/favicon.ico
08-04-13 0:40:18 Debug item inserted
08-04-13 0:40:18 Debug Memory usage: 11305024
08-04-13 0:40:18 Debug Memory peak usage: 11876968
08-04-13 0:40:18 Debug start insertion of new item "&#12298;&#20843;&#19968;&#25234;&#24576;&amp;nbsp;&#20891;&#26071;&#29454;&#29454;&#12299;"
08-04-13 0:40:18 Debug item content sanitized
08-04-13 0:40:18 Debug use last icon: http://blog.sina.com.cn/favicon.ico
08-04-13 0:40:18 Debug item inserted
08-04-13 0:40:18 Debug Memory usage: 11312312
08-04-13 0:40:18 Debug Memory peak usage: 11876968
08-04-13 0:40:18 Debug start insertion of new item "从出兵决策看抗美援朝战争的正义性和正确性"
08-04-13 0:40:18 Debug item content sanitized
08-04-13 0:40:18 Debug use last icon: http://blog.sina.com.cn/favicon.ico
08-04-13 0:40:18 Debug item inserted
08-04-13 0:40:18 Debug Memory usage: 11378320
08-04-13 0:40:18 Debug Memory peak usage: 11964928
08-04-13 0:40:18 Debug destroy spout object
08-04-13 0:40:18 Debug cleanup orphaned and old items
08-04-13 0:40:18 Debug cleanup orphaned and old items finished
08-04-13 0:40:18 Debug delete orphaned thumbnails
08-04-13 0:40:18 Debug delete orphaned thumbnails finished
08-04-13 0:40:18 Debug delete orphaned icons
08-04-13 0:40:18 Debug delete orphaned icons finished
08-04-13 0:40:18 Debug optimize database
08-04-13 0:40:18 Debug optimize database finished
08-04-13 0:41:51 Debug new EPub()
08-04-13 0:41:51 Debug EPub version: 2.12
08-04-13 0:41:51 Debug EPub Req. Zip version: 1.38
08-04-13 0:41:51 Debug Zip version: 1.38
08-04-13 0:41:51 Debug getCurrentServerURL: http://sites/
08-04-13 0:41:51 Debug getCurrentPageURL..: http://sites/epub
08-04-13 0:41:51 Debug Set up parameters
08-04-13 0:41:51 Debug Add css
08-04-13 11:23:17 Debug send to:zzh by nkzhenhua@gmail.com from offlineread01@gmail.com
08-04-13 11:23:17 Debug Mailer Error: Message body empty
08-04-13 11:24:15 Debug send to:zzh by nkzhenhua@gmail.com from offlineread01@gmail.com
08-04-13 11:24:15 Debug Mailer Error: Message body empty
08-04-13 11:24:46 Debug send to:zzh by nkzhenhua@gmail.com from offlineread01@gmail.com
08-04-13 11:24:46 Debug Mailer Error: Message body empty
08-04-13 11:26:05 Debug send to:zzh by nkzhenhua_55@iduokan.com from offlineread01@gmail.com
08-04-13 11:26:05 Debug Mailer Error: Message body empty
08-04-13 11:26:11 Debug send to:zzh by nkzhenhua_55@iduokan.com from offlineread01@gmail.com
08-04-13 11:26:11 Debug Mailer Error: Message body empty
08-04-13 11:27:23 Debug send to:zzh by nkzhenhua_55@iduokan.com from offlineread01@gmail.com
08-04-13 11:27:23 Debug Mailer Error: Message body empty
08-04-13 11:30:38 Debug new EPub()
08-04-13 11:30:38 Debug EPub version: 2.12
08-04-13 11:30:38 Debug EPub Req. Zip version: 1.38
08-04-13 11:30:38 Debug Zip version: 1.38
08-04-13 11:30:38 Debug getCurrentServerURL: http://sites/
08-04-13 11:30:38 Debug getCurrentPageURL..: http://sites/epub
08-04-13 11:30:38 Debug Set up parameters
08-04-13 11:30:38 Debug Add css
08-04-13 11:32:00 Debug send to:zzh by nkzhenhua_55@iduokan.com from offlineread01@gmail.com
08-04-13 11:32:00 Debug Mailer Error: Message body empty
08-04-13 12:09:27 Debug new EPub()
08-04-13 12:09:27 Debug EPub version: 2.12
08-04-13 12:09:27 Debug EPub Req. Zip version: 1.38
08-04-13 12:09:27 Debug Zip version: 1.38
08-04-13 12:09:27 Debug getCurrentServerURL: http://sites/
08-04-13 12:09:27 Debug getCurrentPageURL..: http://sites/epub
08-04-13 12:09:27 Debug Set up parameters
08-04-13 12:09:27 Debug Add css
08-04-13 12:09:44 Debug send to:zzh by nkzhenhua_55@iduokan.com from offlineread01@gmail.com
08-04-13 12:09:52 Debug Message sent!
08-07-13 13:23:29 Debug ---
08-07-13 13:23:29 Debug start fetching source "aaaa (id: 4)  username:zzh
08-07-13 13:23:29 Debug spout successfully loaded: spouts\rss\feed
08-07-13 13:23:29 Debug fetch content
08-07-13 13:23:36 Debug minimum date: 2013-07-08 13:23:36
08-07-13 13:23:36 Debug start item fetching
08-07-13 13:23:36 Debug item "转凤凰网采访《罗援解读中国鹰》" (2013-07-04 18:01:54) older than 30 days
08-07-13 13:23:36 Debug item "[转载]热烈庆祝中国共产党建党九十二周年！" (2013-07-01 19:41:25) older than 30 days
08-07-13 13:23:36 Debug destroy spout object
08-07-13 13:23:36 Debug ---
08-07-13 13:23:36 Debug start fetching source "kaiens (id: 5)  username:zzh
08-07-13 13:23:36 Debug spout successfully loaded: spouts\rss\feed
08-07-13 13:23:36 Debug fetch content
08-07-13 13:23:43 Debug minimum date: 2013-07-08 13:23:43
08-07-13 13:23:43 Debug start item fetching
08-07-13 13:23:43 Debug start insertion of new item "8.7财经要闻评论"
08-07-13 13:23:43 Debug item content sanitized
08-07-13 13:23:52 Debug icon generated: http://blog.sina.com.cn/favicon.ico
08-07-13 13:23:52 Debug item inserted
08-07-13 13:23:52 Debug Memory usage: 11198160
08-07-13 13:23:52 Debug Memory peak usage: 11534640
08-07-13 13:23:52 Debug start insertion of new item "8.7大盘直播和操作策略：历史新高不是创业板的终点"
08-07-13 13:23:52 Debug item content sanitized
08-07-13 13:23:52 Debug use last icon: http://blog.sina.com.cn/favicon.ico
08-07-13 13:23:52 Debug item inserted
08-07-13 13:23:52 Debug Memory usage: 11208808
08-07-13 13:23:52 Debug Memory peak usage: 11534640
08-07-13 13:23:52 Debug start insertion of new item "中国的海洋战略暗含的投资启示"
08-07-13 13:23:52 Debug item content sanitized
08-07-13 13:23:52 Debug use last icon: http://blog.sina.com.cn/favicon.ico
08-07-13 13:23:52 Debug item inserted
08-07-13 13:23:52 Debug Memory usage: 11219400
08-07-13 13:23:52 Debug Memory peak usage: 11534640
08-07-13 13:23:52 Debug start insertion of new item "8.6财经要闻评论"
08-07-13 13:23:52 Debug item content sanitized
08-07-13 13:23:52 Debug use last icon: http://blog.sina.com.cn/favicon.ico
08-07-13 13:23:52 Debug item inserted
08-07-13 13:23:52 Debug Memory usage: 11230080
08-07-13 13:23:52 Debug Memory peak usage: 11534640
08-07-13 13:23:52 Debug start insertion of new item "8.6大盘直播和操作策略"
08-07-13 13:23:52 Debug item content sanitized
08-07-13 13:23:52 Debug use last icon: http://blog.sina.com.cn/favicon.ico
08-07-13 13:23:52 Debug item inserted
08-07-13 13:23:52 Debug Memory usage: 11240600
08-07-13 13:23:52 Debug Memory peak usage: 11540024
08-07-13 13:23:52 Debug start insertion of new item "熊市中捉牛股的几种方法"
08-07-13 13:23:52 Debug item content sanitized
08-07-13 13:23:52 Debug use last icon: http://blog.sina.com.cn/favicon.ico
08-07-13 13:23:52 Debug item inserted
08-07-13 13:23:52 Debug Memory usage: 11251176
08-07-13 13:23:52 Debug Memory peak usage: 11551648
08-07-13 13:23:52 Debug start insertion of new item "8.5财经要闻评论"
08-07-13 13:23:52 Debug item content sanitized
08-07-13 13:23:52 Debug use last icon: http://blog.sina.com.cn/favicon.ico
08-07-13 13:23:52 Debug item inserted
08-07-13 13:23:52 Debug Memory usage: 11261736
08-07-13 13:23:52 Debug Memory peak usage: 11564896
08-07-13 13:23:52 Debug destroy spout object
08-07-13 13:23:52 Debug cleanup orphaned and old items
08-07-13 13:23:52 Debug cleanup orphaned and old items finished
08-07-13 13:23:52 Debug delete orphaned thumbnails
08-07-13 13:23:52 Debug delete orphaned thumbnails finished
08-07-13 13:23:52 Debug delete orphaned icons
08-07-13 13:23:52 Debug delete orphaned icons finished
08-07-13 13:23:52 Debug optimize database
08-07-13 13:23:52 Debug optimize database finished
08-12-13 21:19:23 Debug ---
08-12-13 21:19:23 Debug start fetching source "xuxiaoming (id: 6)  username:zzh
08-12-13 21:19:23 Debug spout successfully loaded: spouts\rss\feed
08-12-13 21:19:23 Debug fetch content
08-12-13 21:19:24 Debug minimum date: 2013-07-13 21:19:24
08-12-13 21:19:24 Debug start item fetching
08-12-13 21:19:24 Debug start insertion of new item "徐小明：周二操作策略"
08-12-13 21:19:24 Debug item content sanitized
08-12-13 21:19:24 Debug icon generated: http://blog.sina.com.cn/favicon.ico
08-12-13 21:19:24 Debug item inserted
08-12-13 21:19:24 Debug Memory usage: 10717704
08-12-13 21:19:24 Debug Memory peak usage: 11041336
08-12-13 21:19:24 Debug start insertion of new item "徐小明：8月13日盘中同步分析提示"
08-12-13 21:19:24 Debug item content sanitized
08-12-13 21:19:24 Debug use last icon: http://blog.sina.com.cn/favicon.ico
08-12-13 21:19:24 Debug item inserted
08-12-13 21:19:24 Debug Memory usage: 10728184
08-12-13 21:19:24 Debug Memory peak usage: 11041336
08-12-13 21:19:24 Debug start insertion of new item "徐小明：分时周期的顶部结构再次形成"
08-12-13 21:19:24 Debug item content sanitized
08-12-13 21:19:24 Debug use last icon: http://blog.sina.com.cn/favicon.ico
08-12-13 21:19:24 Debug item inserted
08-12-13 21:19:24 Debug Memory usage: 10738728
08-12-13 21:19:24 Debug Memory peak usage: 11041336
08-12-13 21:19:24 Debug start insertion of new item "徐小明：周一操作策略"
08-12-13 21:19:24 Debug item content sanitized
08-12-13 21:19:24 Debug use last icon: http://blog.sina.com.cn/favicon.ico
08-12-13 21:19:24 Debug item inserted
08-12-13 21:19:24 Debug Memory usage: 10749280
08-12-13 21:19:24 Debug Memory peak usage: 11041336
08-12-13 21:19:24 Debug start insertion of new item "徐小明：8月12日盘中同步分析提示"
08-12-13 21:19:24 Debug item content sanitized
08-12-13 21:19:24 Debug use last icon: http://blog.sina.com.cn/favicon.ico
08-12-13 21:19:24 Debug item inserted
08-12-13 21:19:24 Debug Memory usage: 10759864
08-12-13 21:19:24 Debug Memory peak usage: 11046112
08-12-13 21:19:24 Debug start insertion of new item "徐小明：下跌若加速，低点要后移"
08-12-13 21:19:24 Debug item content sanitized
08-12-13 21:19:24 Debug use last icon: http://blog.sina.com.cn/favicon.ico
08-12-13 21:19:24 Debug item inserted
08-12-13 21:19:24 Debug Memory usage: 10770400
08-12-13 21:19:24 Debug Memory peak usage: 11059552
08-12-13 21:19:24 Debug start insertion of new item "徐小明：周五操作策略"
08-12-13 21:19:24 Debug item content sanitized
08-12-13 21:19:24 Debug use last icon: http://blog.sina.com.cn/favicon.ico
08-12-13 21:19:24 Debug item inserted
08-12-13 21:19:24 Debug Memory usage: 10780904
08-12-13 21:19:24 Debug Memory peak usage: 11073496
08-12-13 21:19:24 Debug start insertion of new item "徐小明：8月9日盘中同步分析提示"
08-12-13 21:19:24 Debug item content sanitized
08-12-13 21:19:24 Debug use last icon: http://blog.sina.com.cn/favicon.ico
08-12-13 21:19:24 Debug item inserted
08-12-13 21:19:24 Debug Memory usage: 10791424
08-12-13 21:19:24 Debug Memory peak usage: 11086920
08-12-13 21:19:24 Debug start insertion of new item "徐小明：创业板没那么容易跌的三个原因"
08-12-13 21:19:24 Debug item content sanitized
08-12-13 21:19:24 Debug use last icon: http://blog.sina.com.cn/favicon.ico
08-12-13 21:19:24 Debug item inserted
08-12-13 21:19:24 Debug Memory usage: 10801912
08-12-13 21:19:24 Debug Memory peak usage: 11100648
08-12-13 21:19:24 Debug start insertion of new item "徐小明：周四操作策略"
08-12-13 21:19:24 Debug item content sanitized
08-12-13 21:19:24 Debug use last icon: http://blog.sina.com.cn/favicon.ico
08-12-13 21:19:24 Debug item inserted
08-12-13 21:19:24 Debug Memory usage: 10812424
08-12-13 21:19:24 Debug Memory peak usage: 11114800
08-12-13 21:19:24 Debug destroy spout object
08-12-13 21:19:24 Debug ---
08-12-13 21:19:24 Debug start fetching source "kaiens (id: 5)  username:zzh
08-12-13 21:19:24 Debug spout successfully loaded: spouts\rss\feed
08-12-13 21:19:24 Debug fetch content
08-12-13 21:19:24 Debug minimum date: 2013-07-13 21:19:24
08-12-13 21:19:24 Debug start item fetching
08-12-13 21:19:24 Debug start insertion of new item "8.13大盘直播和操作策略"
08-12-13 21:19:24 Debug item content sanitized
08-12-13 21:19:24 Debug icon generated: http://blog.sina.com.cn/favicon.ico
08-12-13 21:19:24 Debug item inserted
08-12-13 21:19:24 Debug Memory usage: 11154232
08-12-13 21:19:24 Debug Memory peak usage: 11672984
08-12-13 21:19:24 Debug start insertion of new item "投资者如何对待十年一遇的机会？"
08-12-13 21:19:24 Debug item content sanitized
08-12-13 21:19:24 Debug use last icon: http://blog.sina.com.cn/favicon.ico
08-12-13 21:19:24 Debug item inserted
08-12-13 21:19:24 Debug Memory usage: 11162312
08-12-13 21:19:24 Debug Memory peak usage: 11672984
08-12-13 21:19:24 Debug start insertion of new item "8.12财经要闻评论"
08-12-13 21:19:24 Debug item content sanitized
08-12-13 21:19:24 Debug use last icon: http://blog.sina.com.cn/favicon.ico
08-12-13 21:19:24 Debug item inserted
08-12-13 21:19:24 Debug Memory usage: 11170616
08-12-13 21:19:24 Debug Memory peak usage: 11672984
08-12-13 21:19:24 Debug start insertion of new item "8.12大盘直播和操作策略：创业板明年会到1664点"
08-12-13 21:19:24 Debug item content sanitized
08-12-13 21:19:24 Debug use last icon: http://blog.sina.com.cn/favicon.ico
08-12-13 21:19:24 Debug item inserted
08-12-13 21:19:24 Debug Memory usage: 11179120
08-12-13 21:19:24 Debug Memory peak usage: 11672984
08-12-13 21:19:24 Debug start insertion of new item "周预测：为什么说主板泡沫更大？"
08-12-13 21:19:24 Debug item content sanitized
08-12-13 21:19:24 Debug use last icon: http://blog.sina.com.cn/favicon.ico
08-12-13 21:19:24 Debug item inserted
08-12-13 21:19:24 Debug Memory usage: 11187368
08-12-13 21:19:24 Debug Memory peak usage: 11672984
08-12-13 21:19:24 Debug start insertion of new item "投资如习道，成功五要素"
08-12-13 21:19:24 Debug item content sanitized
08-12-13 21:19:24 Debug use last icon: http://blog.sina.com.cn/favicon.ico
08-12-13 21:19:24 Debug item inserted
08-12-13 21:19:24 Debug Memory usage: 11195512
08-12-13 21:19:24 Debug Memory peak usage: 11672984
08-12-13 21:19:24 Debug start insertion of new item "8.9财经要闻评论"
08-12-13 21:19:24 Debug item content sanitized
08-12-13 21:19:24 Debug use last icon: http://blog.sina.com.cn/favicon.ico
08-12-13 21:19:24 Debug item inserted
08-12-13 21:19:24 Debug Memory usage: 11203752
08-12-13 21:19:24 Debug Memory peak usage: 11672984
08-12-13 21:19:24 Debug start insertion of new item "中国金融创新滞后于实体经济"
08-12-13 21:19:24 Debug item content sanitized
08-12-13 21:19:24 Debug use last icon: http://blog.sina.com.cn/favicon.ico
08-12-13 21:19:24 Debug item inserted
08-12-13 21:19:24 Debug Memory usage: 11211984
08-12-13 21:19:24 Debug Memory peak usage: 11672984
08-12-13 21:19:24 Debug start insertion of new item "8.9大盘直播和操作策略"
08-12-13 21:19:24 Debug item content sanitized
08-12-13 21:19:24 Debug use last icon: http://blog.sina.com.cn/favicon.ico
08-12-13 21:19:24 Debug item inserted
08-12-13 21:19:24 Debug Memory usage: 11220168
08-12-13 21:19:24 Debug Memory peak usage: 11672984
08-12-13 21:19:24 Debug start insertion of new item "如无利空打击，股指跌不下来"
08-12-13 21:19:24 Debug item content sanitized
08-12-13 21:19:24 Debug use last icon: http://blog.sina.com.cn/favicon.ico
08-12-13 21:19:24 Debug item inserted
08-12-13 21:19:24 Debug Memory usage: 11228464
08-12-13 21:19:24 Debug Memory peak usage: 11672984
08-12-13 21:19:24 Debug destroy spout object
08-12-13 21:19:24 Debug cleanup orphaned and old items
08-12-13 21:19:24 Debug cleanup orphaned and old items finished
08-12-13 21:19:24 Debug delete orphaned thumbnails
08-12-13 21:19:24 Debug delete orphaned thumbnails finished
08-12-13 21:19:24 Debug delete orphaned icons
08-12-13 21:19:24 Debug delete orphaned icons finished
08-12-13 21:19:24 Debug optimize database
08-12-13 21:19:24 Debug optimize database finished
08-12-13 21:19:32 Debug ---
08-12-13 21:19:32 Debug start fetching source "xuxiaoming (id: 6)  username:zzh
08-12-13 21:19:32 Debug spout successfully loaded: spouts\rss\feed
08-12-13 21:19:32 Debug fetch content
08-12-13 21:19:32 Debug minimum date: 2013-07-13 21:19:32
08-12-13 21:19:32 Debug start item fetching
08-12-13 21:19:32 Debug destroy spout object
08-12-13 21:19:32 Debug ---
08-12-13 21:19:32 Debug start fetching source "kaiens (id: 5)  username:zzh
08-12-13 21:19:32 Debug spout successfully loaded: spouts\rss\feed
08-12-13 21:19:32 Debug fetch content
08-12-13 21:19:32 Debug minimum date: 2013-07-13 21:19:32
08-12-13 21:19:32 Debug start item fetching
08-12-13 21:19:32 Debug destroy spout object
08-12-13 21:19:32 Debug cleanup orphaned and old items
08-12-13 21:19:32 Debug cleanup orphaned and old items finished
08-12-13 21:19:32 Debug delete orphaned thumbnails
08-12-13 21:19:32 Debug delete orphaned thumbnails finished
08-12-13 21:19:32 Debug delete orphaned icons
08-12-13 21:19:32 Debug delete orphaned icons finished
08-12-13 21:19:32 Debug optimize database
08-12-13 21:19:32 Debug optimize database finished
08-12-13 21:25:48 Debug ---
08-12-13 21:25:48 Debug start fetching source "yehong (id: 7)  username:zzh
08-12-13 21:25:48 Debug spout successfully loaded: spouts\rss\feed
08-12-13 21:25:48 Debug fetch content
08-12-13 21:25:49 Debug minimum date: 2013-07-13 21:25:49
08-12-13 21:25:49 Debug start item fetching
08-12-13 21:25:49 Debug start insertion of new item "八月——创业板、小板仍将施展“吸金大法”"
08-12-13 21:25:49 Debug item content sanitized
08-12-13 21:25:49 Debug icon generated: http://blog.sina.com.cn/favicon.ico
08-12-13 21:25:49 Debug item inserted
08-12-13 21:25:49 Debug Memory usage: 11105096
08-12-13 21:25:49 Debug Memory peak usage: 11437872
08-12-13 21:25:49 Debug start insertion of new item "调控继续——创业板热炒趋势不会轻易改变！"
08-12-13 21:25:49 Debug item content sanitized
08-12-13 21:25:49 Debug use last icon: http://blog.sina.com.cn/favicon.ico
08-12-13 21:25:49 Debug item inserted
08-12-13 21:25:49 Debug Memory usage: 11136288
08-12-13 21:25:49 Debug Memory peak usage: 11577760
08-12-13 21:25:49 Debug item "外挤内压——扭曲生长的超跌反弹行情将继续" (2013-05-29 15:17:28) older than 30 days
08-12-13 21:25:49 Debug item "两难选择——追高价成长？还是坚守低价低估？" (2013-05-10 16:03:39) older than 30 days
08-12-13 21:25:49 Debug item "反弹为何总是引发牛市的幻觉？" (2013-05-08 15:16:44) older than 30 days
08-12-13 21:25:49 Debug item "任凭风浪起——坚守一块属于自己的阵地！" (2013-04-24 15:34:41) older than 30 days
08-12-13 21:25:49 Debug item "清明时节——四月股市与风雨相伴" (2013-04-03 15:57:01) older than 30 days
08-12-13 21:25:49 Debug item "逆水行舟——炒股者不可能过得轻松" (2013-03-28 15:50:47) older than 30 days
08-12-13 21:25:49 Debug item "重压之下——绩优低价地产股是否值得关注？" (2013-03-19 16:03:36) older than 30 days
08-12-13 21:25:49 Debug item "热点跑偏——题材炒作接力延续反弹行情" (2013-02-28 15:29:11) older than 30 days
08-12-13 21:25:49 Debug destroy spout object
08-12-13 21:25:49 Debug ---
08-12-13 21:25:49 Debug start fetching source "kaiens (id: 5)  username:zzh
08-12-13 21:25:49 Debug spout successfully loaded: spouts\rss\feed
08-12-13 21:25:49 Debug fetch content
08-12-13 21:25:49 Debug minimum date: 2013-07-13 21:25:49
08-12-13 21:25:49 Debug start item fetching
08-12-13 21:25:49 Debug destroy spout object
08-12-13 21:25:49 Debug cleanup orphaned and old items
08-12-13 21:25:49 Debug cleanup orphaned and old items finished
08-12-13 21:25:49 Debug delete orphaned thumbnails
08-12-13 21:25:49 Debug delete orphaned thumbnails finished
08-12-13 21:25:49 Debug delete orphaned icons
08-12-13 21:25:49 Debug delete orphaned icons finished
08-12-13 21:25:49 Debug optimize database
08-12-13 21:25:49 Debug optimize database finished
08-12-13 22:27:38 Debug new EPub()
08-12-13 22:27:38 Debug EPub version: 2.12
08-12-13 22:27:38 Debug EPub Req. Zip version: 1.38
08-12-13 22:27:38 Debug Zip version: 1.38
08-12-13 22:27:38 Debug getCurrentServerURL: http://sites/
08-12-13 22:27:38 Debug getCurrentPageURL..: http://sites/daemon_start
08-12-13 22:27:38 Debug Set up parameters
08-12-13 22:27:38 Debug Add css
08-12-13 22:28:06 Debug send to:zzh by nkzhenhua_55@iduokan.com from offlineread01@gmail.com
08-12-13 22:28:19 Debug Message sent!
08-12-13 22:28:19 Debug new EPub()
08-12-13 22:28:19 Debug EPub version: 2.12
08-12-13 22:28:19 Debug EPub Req. Zip version: 1.38
08-12-13 22:28:19 Debug Zip version: 1.38
08-12-13 22:28:19 Debug getCurrentServerURL: http://sites/
08-12-13 22:28:19 Debug getCurrentPageURL..: http://sites/daemon_start
08-12-13 22:28:19 Debug Set up parameters
08-12-13 22:28:19 Debug Add css
08-12-13 22:28:27 Debug send to:zhenhua by nkzhenhua_55@iduokan.com from offlineread01@gmail.com
08-12-13 22:28:37 Debug Message sent!
